<?xml version="1.0" encoding="UTF-8"?>
<!-- Generated by org.testng.reporters.JUnitReportReporter -->
<testsuite hostname="DESKTOP-CP2721M" failures="0" tests="1" name="testcases.LeaveFunctionality" time="11.051" errors="0" timestamp="2025-04-20T16:51:05 IST" skipped="0">
  <testcase classname="testcases.LeaveFunctionality" name="runLeaveFunctionality" time="11.051"/>
  <system-out/>
</testsuite> <!-- testcases.LeaveFunctionality -->
