<?xml version="1.0" encoding="UTF-8"?>
<!-- Generated by org.testng.reporters.JUnitReportReporter -->
<testsuite hostname="DESKTOP-CP2721M" failures="0" tests="1" name="testcases.LoginPage" time="10.611" errors="0" timestamp="2025-04-22T15:39:13 IST" skipped="0">
  <testcase classname="testcases.LoginPage" name="runLogin" time="10.611"/>
  <system-out/>
</testsuite> <!-- testcases.LoginPage -->
