<?xml version="1.0" encoding="UTF-8"?>
<!-- Generated by org.testng.reporters.JUnitReportReporter -->
<testsuite hostname="DESKTOP-CP2721M" failures="0" tests="1" name="testcases.Dashboard" time="10.301" errors="0" timestamp="2025-04-20T16:21:27 IST" skipped="0">
  <testcase classname="testcases.Dashboard" name="runDashboard" time="10.301"/>
  <system-out/>
</testsuite> <!-- testcases.Dashboard -->
