<?xml version="1.0" encoding="UTF-8"?>
<!-- Generated by org.testng.reporters.JUnitReportReporter -->
<testsuite hostname="DESKTOP-CP2721M" failures="0" tests="3" name="base.LearnGroupFeature" time="0.004" errors="0" timestamp="2025-04-22T16:16:51 IST" skipped="0">
  <testcase classname="base.LearnGroupFeature" name="Login" time="0.001"/>
  <system-out/>
  <testcase classname="base.LearnGroupFeature" name="Delete" time="0.002"/>
  <system-out/>
  <testcase classname="base.LearnGroupFeature" name="Create" time="0.001"/>
  <system-out/>
</testsuite> <!-- base.LearnGroupFeature -->
