<?xml version="1.0" encoding="UTF-8"?>
<!-- Generated by org.testng.reporters.JUnitReportReporter -->
<testsuite hostname="DESKTOP-CP2721M" failures="0" tests="3" name="base.LearnGroup" time="0.011" errors="0" timestamp="2025-04-22T16:16:51 IST" skipped="0">
  <testcase classname="base.LearnGroup" name="adminCreate" time="0.008"/>
  <system-out/>
  <testcase classname="base.LearnGroup" name="runLogin" time="0.002"/>
  <system-out/>
  <testcase classname="base.LearnGroup" name="adminDelete" time="0.001"/>
  <system-out/>
</testsuite> <!-- base.LearnGroup -->
